<?xml version="1.0" encoding="UTF-8"?>
<coverage generated="1749190823109" clover="3.2.0">
  <project timestamp="1749190823109" name="All files">
    <metrics statements="83" coveredstatements="68" conditionals="64" coveredconditionals="27" methods="19" coveredmethods="12" elements="166" coveredelements="107" complexity="0" loc="83" ncloc="83" packages="7" files="8" classes="8"/>
    <package name="components.custom.atoms.Button">
      <metrics statements="6" coveredstatements="6" conditionals="14" coveredconditionals="13" methods="2" coveredmethods="2"/>
      <file name="index.tsx" path="/Users/nikitadeepakpoyrekar/Documents/Study/repos/nexus/nexus-fe/src/components/custom/atoms/Button/index.tsx">
        <metrics statements="6" coveredstatements="6" conditionals="14" coveredconditionals="13" methods="2" coveredmethods="2"/>
        <line num="3" count="1" type="stmt"/>
        <line num="19" count="1" type="stmt"/>
        <line num="29" count="8" type="stmt"/>
        <line num="31" count="8" type="cond" truecount="3" falsecount="1"/>
        <line num="33" count="8" type="stmt"/>
        <line num="48" count="1" type="stmt"/>
      </file>
    </package>
    <package name="components.custom.molecules.PropertyDetailsCard">
      <metrics statements="14" coveredstatements="13" conditionals="16" coveredconditionals="12" methods="2" coveredmethods="1"/>
      <file name="index.tsx" path="/Users/nikitadeepakpoyrekar/Documents/Study/repos/nexus/nexus-fe/src/components/custom/molecules/PropertyDetailsCard/index.tsx">
        <metrics statements="14" coveredstatements="13" conditionals="16" coveredconditionals="12" methods="2" coveredmethods="1"/>
        <line num="3" count="1" type="stmt"/>
        <line num="4" count="1" type="stmt"/>
        <line num="5" count="1" type="stmt"/>
        <line num="7" count="1" type="stmt"/>
        <line num="8" count="1" type="stmt"/>
        <line num="16" count="1" type="stmt"/>
        <line num="21" count="1" type="stmt"/>
        <line num="23" count="1" type="stmt"/>
        <line num="24" count="3" type="stmt"/>
        <line num="28" count="3" type="stmt"/>
        <line num="29" count="3" type="stmt"/>
        <line num="31" count="3" type="stmt"/>
        <line num="44" count="0" type="stmt"/>
        <line num="97" count="1" type="stmt"/>
      </file>
    </package>
    <package name="components.custom.organisms.HeroSection">
      <metrics statements="10" coveredstatements="10" conditionals="0" coveredconditionals="0" methods="1" coveredmethods="1"/>
      <file name="index.tsx" path="/Users/nikitadeepakpoyrekar/Documents/Study/repos/nexus/nexus-fe/src/components/custom/organisms/HeroSection/index.tsx">
        <metrics statements="10" coveredstatements="10" conditionals="0" coveredconditionals="0" methods="1" coveredmethods="1"/>
        <line num="1" count="1" type="stmt"/>
        <line num="3" count="1" type="stmt"/>
        <line num="4" count="1" type="stmt"/>
        <line num="5" count="1" type="stmt"/>
        <line num="6" count="1" type="stmt"/>
        <line num="8" count="1" type="stmt"/>
        <line num="9" count="4" type="stmt"/>
        <line num="10" count="4" type="stmt"/>
        <line num="12" count="4" type="stmt"/>
        <line num="64" count="1" type="stmt"/>
      </file>
    </package>
    <package name="components.ui">
      <metrics statements="33" coveredstatements="29" conditionals="3" coveredconditionals="2" methods="8" coveredmethods="6"/>
      <file name="button.tsx" path="/Users/nikitadeepakpoyrekar/Documents/Study/repos/nexus/nexus-fe/src/components/ui/button.tsx">
        <metrics statements="10" coveredstatements="10" conditionals="3" coveredconditionals="2" methods="1" coveredmethods="1"/>
        <line num="1" count="1" type="stmt"/>
        <line num="2" count="1" type="stmt"/>
        <line num="3" count="1" type="stmt"/>
        <line num="5" count="1" type="stmt"/>
        <line num="7" count="1" type="stmt"/>
        <line num="42" count="8" type="cond" truecount="1" falsecount="0"/>
        <line num="43" count="8" type="stmt"/>
        <line num="48" count="8" type="cond" truecount="1" falsecount="1"/>
        <line num="50" count="8" type="stmt"/>
        <line num="59" count="1" type="stmt"/>
      </file>
      <file name="card.tsx" path="/Users/nikitadeepakpoyrekar/Documents/Study/repos/nexus/nexus-fe/src/components/ui/card.tsx">
        <metrics statements="23" coveredstatements="19" conditionals="0" coveredconditionals="0" methods="7" coveredmethods="5"/>
        <line num="1" count="1" type="stmt"/>
        <line num="3" count="1" type="stmt"/>
        <line num="5" count="3" type="stmt"/>
        <line num="6" count="3" type="stmt"/>
        <line num="18" count="3" type="stmt"/>
        <line num="19" count="3" type="stmt"/>
        <line num="31" count="3" type="stmt"/>
        <line num="32" count="3" type="stmt"/>
        <line num="41" count="0" type="stmt"/>
        <line num="42" count="0" type="stmt"/>
        <line num="51" count="0" type="stmt"/>
        <line num="52" count="0" type="stmt"/>
        <line num="64" count="3" type="stmt"/>
        <line num="65" count="3" type="stmt"/>
        <line num="74" count="3" type="stmt"/>
        <line num="75" count="3" type="stmt"/>
        <line num="85" count="1" type="stmt"/>
        <line num="86" count="1" type="stmt"/>
        <line num="87" count="1" type="stmt"/>
        <line num="88" count="1" type="stmt"/>
        <line num="89" count="1" type="stmt"/>
        <line num="90" count="1" type="stmt"/>
        <line num="91" count="1" type="stmt"/>
      </file>
    </package>
    <package name="content">
      <metrics statements="1" coveredstatements="1" conditionals="0" coveredconditionals="0" methods="0" coveredmethods="0"/>
      <file name="listing.ts" path="/Users/nikitadeepakpoyrekar/Documents/Study/repos/nexus/nexus-fe/src/content/listing.ts">
        <metrics statements="1" coveredstatements="1" conditionals="0" coveredconditionals="0" methods="0" coveredmethods="0"/>
        <line num="1" count="1" type="stmt"/>
      </file>
    </package>
    <package name="global.utilities">
      <metrics statements="15" coveredstatements="5" conditionals="31" coveredconditionals="0" methods="5" coveredmethods="1"/>
      <file name="helpers.ts" path="/Users/nikitadeepakpoyrekar/Documents/Study/repos/nexus/nexus-fe/src/global/utilities/helpers.ts">
        <metrics statements="15" coveredstatements="5" conditionals="31" coveredconditionals="0" methods="5" coveredmethods="1"/>
        <line num="3" count="1" type="stmt"/>
        <line num="4" count="3" type="stmt"/>
        <line num="7" count="1" type="stmt"/>
        <line num="8" count="0" type="cond" truecount="0" falsecount="1"/>
        <line num="9" count="0" type="stmt"/>
        <line num="11" count="0" type="cond" truecount="0" falsecount="6"/>
        <line num="12" count="0" type="cond" truecount="0" falsecount="6"/>
        <line num="14" count="0" type="stmt"/>
        <line num="22" count="1" type="stmt"/>
        <line num="23" count="0" type="stmt"/>
        <line num="42" count="0" type="stmt"/>
        <line num="66" count="1" type="stmt"/>
        <line num="67" count="0" type="stmt"/>
        <line num="75" count="0" type="stmt"/>
        <line num="76" count="0" type="stmt"/>
      </file>
    </package>
    <package name="lib">
      <metrics statements="4" coveredstatements="4" conditionals="0" coveredconditionals="0" methods="1" coveredmethods="1"/>
      <file name="utils.ts" path="/Users/nikitadeepakpoyrekar/Documents/Study/repos/nexus/nexus-fe/src/lib/utils.ts">
        <metrics statements="4" coveredstatements="4" conditionals="0" coveredconditionals="0" methods="1" coveredmethods="1"/>
        <line num="1" count="2" type="stmt"/>
        <line num="2" count="2" type="stmt"/>
        <line num="4" count="2" type="stmt"/>
        <line num="5" count="23" type="stmt"/>
      </file>
    </package>
  </project>
</coverage>
