<?xml version="1.0" encoding="UTF-8"?>
<coverage generated="1749190032686" clover="3.2.0">
  <project timestamp="1749190032686" name="All files">
    <metrics statements="41" coveredstatements="28" conditionals="47" coveredconditionals="19" methods="19" coveredmethods="12" elements="107" coveredelements="59" complexity="0" loc="41" ncloc="41" packages="7" files="8" classes="8"/>
    <package name="components.custom.atoms.Button">
      <metrics statements="4" coveredstatements="4" conditionals="12" coveredconditionals="11" methods="2" coveredmethods="2"/>
      <file name="index.tsx" path="/Users/nikitadeepakpoyrekar/Documents/Study/repos/nexus/nexus-fe/src/components/custom/atoms/Button/index.tsx">
        <metrics statements="4" coveredstatements="4" conditionals="12" coveredconditionals="11" methods="2" coveredmethods="2"/>
        <line num="19" count="1" type="stmt"/>
        <line num="29" count="8" type="stmt"/>
        <line num="31" count="8" type="cond" truecount="3" falsecount="1"/>
        <line num="33" count="8" type="stmt"/>
      </file>
    </package>
    <package name="components.custom.molecules.PropertyDetailsCard">
      <metrics statements="6" coveredstatements="5" conditionals="8" coveredconditionals="6" methods="2" coveredmethods="1"/>
      <file name="index.tsx" path="/Users/nikitadeepakpoyrekar/Documents/Study/repos/nexus/nexus-fe/src/components/custom/molecules/PropertyDetailsCard/index.tsx">
        <metrics statements="6" coveredstatements="5" conditionals="8" coveredconditionals="6" methods="2" coveredmethods="1"/>
        <line num="23" count="1" type="stmt"/>
        <line num="24" count="3" type="stmt"/>
        <line num="28" count="3" type="stmt"/>
        <line num="29" count="3" type="stmt"/>
        <line num="31" count="3" type="stmt"/>
        <line num="44" count="0" type="stmt"/>
      </file>
    </package>
    <package name="components.custom.organisms.HeroSection">
      <metrics statements="4" coveredstatements="4" conditionals="0" coveredconditionals="0" methods="1" coveredmethods="1"/>
      <file name="index.tsx" path="/Users/nikitadeepakpoyrekar/Documents/Study/repos/nexus/nexus-fe/src/components/custom/organisms/HeroSection/index.tsx">
        <metrics statements="4" coveredstatements="4" conditionals="0" coveredconditionals="0" methods="1" coveredmethods="1"/>
        <line num="8" count="1" type="stmt"/>
        <line num="9" count="1" type="stmt"/>
        <line num="10" count="1" type="stmt"/>
        <line num="12" count="1" type="stmt"/>
      </file>
    </package>
    <package name="components.ui">
      <metrics statements="10" coveredstatements="8" conditionals="3" coveredconditionals="2" methods="8" coveredmethods="6"/>
      <file name="button.tsx" path="/Users/nikitadeepakpoyrekar/Documents/Study/repos/nexus/nexus-fe/src/components/ui/button.tsx">
        <metrics statements="3" coveredstatements="3" conditionals="3" coveredconditionals="2" methods="1" coveredmethods="1"/>
        <line num="7" count="1" type="stmt"/>
        <line num="48" count="8" type="cond" truecount="1" falsecount="1"/>
        <line num="50" count="8" type="stmt"/>
      </file>
      <file name="card.tsx" path="/Users/nikitadeepakpoyrekar/Documents/Study/repos/nexus/nexus-fe/src/components/ui/card.tsx">
        <metrics statements="7" coveredstatements="5" conditionals="0" coveredconditionals="0" methods="7" coveredmethods="5"/>
        <line num="6" count="3" type="stmt"/>
        <line num="19" count="3" type="stmt"/>
        <line num="32" count="3" type="stmt"/>
        <line num="42" count="0" type="stmt"/>
        <line num="52" count="0" type="stmt"/>
        <line num="65" count="3" type="stmt"/>
        <line num="75" count="3" type="stmt"/>
      </file>
    </package>
    <package name="content">
      <metrics statements="1" coveredstatements="1" conditionals="0" coveredconditionals="0" methods="0" coveredmethods="0"/>
      <file name="listing.ts" path="/Users/nikitadeepakpoyrekar/Documents/Study/repos/nexus/nexus-fe/src/content/listing.ts">
        <metrics statements="1" coveredstatements="1" conditionals="0" coveredconditionals="0" methods="0" coveredmethods="0"/>
        <line num="1" count="1" type="stmt"/>
      </file>
    </package>
    <package name="global.utilities">
      <metrics statements="15" coveredstatements="5" conditionals="24" coveredconditionals="0" methods="5" coveredmethods="1"/>
      <file name="helpers.ts" path="/Users/nikitadeepakpoyrekar/Documents/Study/repos/nexus/nexus-fe/src/global/utilities/helpers.ts">
        <metrics statements="15" coveredstatements="5" conditionals="24" coveredconditionals="0" methods="5" coveredmethods="1"/>
        <line num="3" count="1" type="stmt"/>
        <line num="4" count="3" type="stmt"/>
        <line num="7" count="1" type="stmt"/>
        <line num="8" count="0" type="cond" truecount="0" falsecount="2"/>
        <line num="9" count="0" type="stmt"/>
        <line num="11" count="0" type="cond" truecount="0" falsecount="2"/>
        <line num="12" count="0" type="cond" truecount="0" falsecount="2"/>
        <line num="14" count="0" type="stmt"/>
        <line num="22" count="1" type="stmt"/>
        <line num="23" count="0" type="stmt"/>
        <line num="42" count="0" type="stmt"/>
        <line num="66" count="1" type="stmt"/>
        <line num="67" count="0" type="stmt"/>
        <line num="75" count="0" type="stmt"/>
        <line num="76" count="0" type="stmt"/>
      </file>
    </package>
    <package name="lib">
      <metrics statements="1" coveredstatements="1" conditionals="0" coveredconditionals="0" methods="1" coveredmethods="1"/>
      <file name="utils.ts" path="/Users/nikitadeepakpoyrekar/Documents/Study/repos/nexus/nexus-fe/src/lib/utils.ts">
        <metrics statements="1" coveredstatements="1" conditionals="0" coveredconditionals="0" methods="1" coveredmethods="1"/>
        <line num="5" count="23" type="stmt"/>
      </file>
    </package>
  </project>
</coverage>
