{"/Users/nikitadeepakpoyrekar/Documents/Study/repos/nexus/nexus-fe/src/components/custom/atoms/Button/index.tsx": {"path":"/Users/nikitadeepakpoyrekar/Documents/Study/repos/nexus/nexus-fe/src/components/custom/atoms/Button/index.tsx","statementMap":{"0":{"start":{"line":3,"column":0},"end":{"line":3,"column":58}},"1":{"start":{"line":19,"column":15},"end":{"line":46,"column":1}},"2":{"start":{"line":29,"column":6},"end":{"line":29,"column":11}},"3":{"start":{"line":31,"column":24},"end":{"line":31,"column":79}},"4":{"start":{"line":31,"column":30},"end":{"line":31,"column":79}},"5":{"start":{"line":33,"column":2},"end":{"line":45,"column":4}},"6":{"start":{"line":48,"column":0},"end":{"line":48,"column":22}}},"fnMap":{"0":{"name":"(anonymous_0)","decl":{"start":{"line":19,"column":15},"end":{"line":19,"column":16}},"loc":{"start":{"line":19,"column":38},"end":{"line":46,"column":1}}},"1":{"name":"(anonymous_1)","decl":{"start":{"line":31,"column":24},"end":{"line":31,"column":27}},"loc":{"start":{"line":31,"column":30},"end":{"line":31,"column":79}}}},"branchMap":{"0":{"loc":{"start":{"line":31,"column":30},"end":{"line":31,"column":79}},"type":"binary-expr","locations":[{"start":{"line":31,"column":30},"end":{"line":31,"column":40}},{"start":{"line":31,"column":45},"end":{"line":31,"column":78}}]},"1":{"loc":{"start":{"line":31,"column":45},"end":{"line":31,"column":78}},"type":"cond-expr","locations":[{"start":{"line":31,"column":55},"end":{"line":31,"column":73}},{"start":{"line":31,"column":76},"end":{"line":31,"column":78}}]},"2":{"loc":{"start":{"line":37,"column":11},"end":{"line":37,"column":33}},"type":"binary-expr","locations":[{"start":{"line":37,"column":11},"end":{"line":37,"column":18}},{"start":{"line":37,"column":22},"end":{"line":37,"column":33}}]},"3":{"loc":{"start":{"line":38,"column":16},"end":{"line":38,"column":33}},"type":"cond-expr","locations":[{"start":{"line":38,"column":16},"end":{"line":38,"column":24}},{"start":{"line":38,"column":28},"end":{"line":38,"column":33}}]},"4":{"loc":{"start":{"line":38,"column":16},"end":{"line":38,"column":28}},"type":"binary-expr","locations":[{"start":{"line":38,"column":16},"end":{"line":38,"column":28}},{"start":{"line":38,"column":16},"end":{"line":38,"column":28}}]},"5":{"loc":{"start":{"line":39,"column":17},"end":{"line":39,"column":47}},"type":"cond-expr","locations":[{"start":{"line":39,"column":31},"end":{"line":39,"column":42}},{"start":{"line":39,"column":45},"end":{"line":39,"column":47}}]},"6":{"loc":{"start":{"line":41,"column":11},"end":{"line":41,"column":33}},"type":"binary-expr","locations":[{"start":{"line":41,"column":11},"end":{"line":41,"column":18}},{"start":{"line":41,"column":22},"end":{"line":41,"column":33}}]}},"s":{"0":1,"1":1,"2":8,"3":8,"4":8,"5":8,"6":1},"f":{"0":8,"1":8},"b":{"0":[8,1],"1":[1,0],"2":[8,1],"3":[2,6],"4":[8,8],"5":[1,7],"6":[8,1]}}
,"/Users/nikitadeepakpoyrekar/Documents/Study/repos/nexus/nexus-fe/src/components/custom/molecules/PropertyDetailsCard/index.tsx": {"path":"/Users/nikitadeepakpoyrekar/Documents/Study/repos/nexus/nexus-fe/src/components/custom/molecules/PropertyDetailsCard/index.tsx","statementMap":{"0":{"start":{"line":3,"column":0},"end":{"line":3,"column":33}},"1":{"start":{"line":4,"column":0},"end":{"line":4,"column":31}},"2":{"start":{"line":5,"column":0},"end":{"line":5,"column":29}},"3":{"start":{"line":7,"column":0},"end":{"line":7,"column":38}},"4":{"start":{"line":8,"column":0},"end":{"line":8,"column":null}},"5":{"start":{"line":16,"column":0},"end":{"line":16,"column":null}},"6":{"start":{"line":21,"column":0},"end":{"line":21,"column":60}},"7":{"start":{"line":23,"column":28},"end":{"line":95,"column":1}},"8":{"start":{"line":24,"column":43},"end":{"line":24,"column":48}},"9":{"start":{"line":28,"column":19},"end":{"line":28,"column":41}},"10":{"start":{"line":29,"column":34},"end":{"line":29,"column":52}},"11":{"start":{"line":31,"column":2},"end":{"line":94,"column":4}},"12":{"start":{"line":44,"column":27},"end":{"line":44,"column":58}},"13":{"start":{"line":97,"column":0},"end":{"line":97,"column":35}}},"fnMap":{"0":{"name":"(anonymous_1)","decl":{"start":{"line":23,"column":28},"end":{"line":23,"column":29}},"loc":{"start":{"line":23,"column":55},"end":{"line":95,"column":1}}},"1":{"name":"(anonymous_2)","decl":{"start":{"line":44,"column":21},"end":{"line":44,"column":24}},"loc":{"start":{"line":44,"column":27},"end":{"line":44,"column":58}}}},"branchMap":{"0":{"loc":{"start":{"line":64,"column":11},"end":{"line":73,"column":null}},"type":"binary-expr","locations":[{"start":{"line":64,"column":11},"end":{"line":64,"column":29}},{"start":{"line":65,"column":12},"end":{"line":72,"column":null}}]},"1":{"loc":{"start":{"line":64,"column":11},"end":{"line":64,"column":29}},"type":"cond-expr","locations":[{"start":{"line":64,"column":19},"end":{"line":64,"column":21}},{"start":{"line":64,"column":11},"end":{"line":64,"column":29}}]},"2":{"loc":{"start":{"line":64,"column":11},"end":{"line":64,"column":21}},"type":"binary-expr","locations":[{"start":{"line":64,"column":11},"end":{"line":64,"column":21}},{"start":{"line":64,"column":11},"end":{"line":64,"column":21}}]},"3":{"loc":{"start":{"line":71,"column":16},"end":{"line":71,"column":null}},"type":"cond-expr","locations":[{"start":{"line":71,"column":42},"end":{"line":71,"column":47}},{"start":{"line":71,"column":50},"end":{"line":71,"column":null}}]},"4":{"loc":{"start":{"line":75,"column":11},"end":{"line":81,"column":null}},"type":"binary-expr","locations":[{"start":{"line":75,"column":11},"end":{"line":75,"column":26}},{"start":{"line":76,"column":12},"end":{"line":80,"column":null}}]},"5":{"loc":{"start":{"line":75,"column":11},"end":{"line":75,"column":26}},"type":"cond-expr","locations":[{"start":{"line":75,"column":19},"end":{"line":75,"column":21}},{"start":{"line":75,"column":11},"end":{"line":75,"column":26}}]},"6":{"loc":{"start":{"line":75,"column":11},"end":{"line":75,"column":21}},"type":"binary-expr","locations":[{"start":{"line":75,"column":11},"end":{"line":75,"column":21}},{"start":{"line":75,"column":11},"end":{"line":75,"column":21}}]},"7":{"loc":{"start":{"line":79,"column":16},"end":{"line":79,"column":null}},"type":"cond-expr","locations":[{"start":{"line":79,"column":39},"end":{"line":79,"column":45}},{"start":{"line":79,"column":48},"end":{"line":79,"column":null}}]}},"s":{"0":1,"1":1,"2":1,"3":1,"4":1,"5":1,"6":1,"7":1,"8":3,"9":3,"10":3,"11":3,"12":0,"13":1},"f":{"0":3,"1":0},"b":{"0":[3,3],"1":[0,3],"2":[3,3],"3":[0,3],"4":[3,3],"5":[0,3],"6":[3,3],"7":[3,0]}}
,"/Users/nikitadeepakpoyrekar/Documents/Study/repos/nexus/nexus-fe/src/components/custom/organisms/HeroSection/index.tsx": {"path":"/Users/nikitadeepakpoyrekar/Documents/Study/repos/nexus/nexus-fe/src/components/custom/organisms/HeroSection/index.tsx","statementMap":{"0":{"start":{"line":1,"column":0},"end":{"line":1,"column":29}},"1":{"start":{"line":3,"column":0},"end":{"line":3,"column":47}},"2":{"start":{"line":4,"column":0},"end":{"line":4,"column":40}},"3":{"start":{"line":5,"column":0},"end":{"line":5,"column":70}},"4":{"start":{"line":6,"column":0},"end":{"line":6,"column":78}},"5":{"start":{"line":8,"column":20},"end":{"line":62,"column":1}},"6":{"start":{"line":9,"column":24},"end":{"line":9,"column":51}},"7":{"start":{"line":10,"column":24},"end":{"line":10,"column":51}},"8":{"start":{"line":12,"column":2},"end":{"line":61,"column":4}},"9":{"start":{"line":64,"column":0},"end":{"line":64,"column":27}}},"fnMap":{"0":{"name":"(anonymous_1)","decl":{"start":{"line":8,"column":20},"end":{"line":8,"column":23}},"loc":{"start":{"line":8,"column":25},"end":{"line":62,"column":1}}}},"branchMap":{},"s":{"0":1,"1":1,"2":1,"3":1,"4":1,"5":1,"6":4,"7":4,"8":4,"9":1},"f":{"0":4},"b":{}}
,"/Users/nikitadeepakpoyrekar/Documents/Study/repos/nexus/nexus-fe/src/components/ui/button.tsx": {"path":"/Users/nikitadeepakpoyrekar/Documents/Study/repos/nexus/nexus-fe/src/components/ui/button.tsx","statementMap":{"0":{"start":{"line":59,"column":9},"end":{"line":59,"column":15}},"1":{"start":{"line":1,"column":0},"end":{"line":1,"column":30}},"2":{"start":{"line":2,"column":0},"end":{"line":2,"column":43}},"3":{"start":{"line":3,"column":0},"end":{"line":3,"column":65}},"4":{"start":{"line":5,"column":0},"end":{"line":5,"column":32}},"5":{"start":{"line":7,"column":23},"end":{"line":35,"column":null}},"6":{"start":{"line":59,"column":17},"end":{"line":59,"column":31}},"7":{"start":{"line":42,"column":17},"end":{"line":42,"column":null}},"8":{"start":{"line":43,"column":10},"end":{"line":44,"column":null}},"9":{"start":{"line":48,"column":15},"end":{"line":48,"column":40}},"10":{"start":{"line":50,"column":2},"end":{"line":56,"column":null}}},"fnMap":{"0":{"name":"Button","decl":{"start":{"line":38,"column":9},"end":{"line":38,"column":15}},"loc":{"start":{"line":47,"column":3},"end":{"line":57,"column":1}}}},"branchMap":{"0":{"loc":{"start":{"line":42,"column":2},"end":{"line":42,"column":17}},"type":"default-arg","locations":[{"start":{"line":42,"column":12},"end":{"line":42,"column":17}}]},"1":{"loc":{"start":{"line":48,"column":15},"end":{"line":48,"column":40}},"type":"cond-expr","locations":[{"start":{"line":48,"column":25},"end":{"line":48,"column":29}},{"start":{"line":48,"column":32},"end":{"line":48,"column":40}}]}},"s":{"0":1,"1":1,"2":1,"3":1,"4":1,"5":1,"6":1,"7":8,"8":8,"9":8,"10":8},"f":{"0":8},"b":{"0":[8],"1":[0,8]}}
,"/Users/nikitadeepakpoyrekar/Documents/Study/repos/nexus/nexus-fe/src/components/ui/card.tsx": {"path":"/Users/nikitadeepakpoyrekar/Documents/Study/repos/nexus/nexus-fe/src/components/ui/card.tsx","statementMap":{"0":{"start":{"line":85,"column":2},"end":{"line":85,"column":6}},"1":{"start":{"line":86,"column":2},"end":{"line":86,"column":12}},"2":{"start":{"line":87,"column":2},"end":{"line":87,"column":12}},"3":{"start":{"line":88,"column":2},"end":{"line":88,"column":11}},"4":{"start":{"line":89,"column":2},"end":{"line":89,"column":12}},"5":{"start":{"line":90,"column":2},"end":{"line":90,"column":17}},"6":{"start":{"line":91,"column":2},"end":{"line":91,"column":13}},"7":{"start":{"line":1,"column":0},"end":{"line":1,"column":30}},"8":{"start":{"line":3,"column":0},"end":{"line":3,"column":32}},"9":{"start":{"line":5,"column":25},"end":{"line":5,"column":30}},"10":{"start":{"line":5,"column":35},"end":{"line":5,"column":66}},"11":{"start":{"line":6,"column":2},"end":{"line":15,"column":null}},"12":{"start":{"line":18,"column":31},"end":{"line":18,"column":36}},"13":{"start":{"line":18,"column":41},"end":{"line":18,"column":72}},"14":{"start":{"line":19,"column":2},"end":{"line":28,"column":null}},"15":{"start":{"line":31,"column":30},"end":{"line":31,"column":35}},"16":{"start":{"line":31,"column":40},"end":{"line":31,"column":71}},"17":{"start":{"line":32,"column":2},"end":{"line":38,"column":null}},"18":{"start":{"line":41,"column":36},"end":{"line":41,"column":41}},"19":{"start":{"line":41,"column":46},"end":{"line":41,"column":77}},"20":{"start":{"line":42,"column":2},"end":{"line":48,"column":null}},"21":{"start":{"line":51,"column":31},"end":{"line":51,"column":36}},"22":{"start":{"line":51,"column":41},"end":{"line":51,"column":72}},"23":{"start":{"line":52,"column":2},"end":{"line":61,"column":null}},"24":{"start":{"line":64,"column":32},"end":{"line":64,"column":37}},"25":{"start":{"line":64,"column":42},"end":{"line":64,"column":73}},"26":{"start":{"line":65,"column":2},"end":{"line":71,"column":null}},"27":{"start":{"line":74,"column":31},"end":{"line":74,"column":36}},"28":{"start":{"line":74,"column":41},"end":{"line":74,"column":72}},"29":{"start":{"line":75,"column":2},"end":{"line":81,"column":null}}},"fnMap":{"0":{"name":"Card","decl":{"start":{"line":5,"column":9},"end":{"line":5,"column":13}},"loc":{"start":{"line":5,"column":66},"end":{"line":16,"column":1}}},"1":{"name":"CardHeader","decl":{"start":{"line":18,"column":9},"end":{"line":18,"column":19}},"loc":{"start":{"line":18,"column":72},"end":{"line":29,"column":1}}},"2":{"name":"CardTitle","decl":{"start":{"line":31,"column":9},"end":{"line":31,"column":18}},"loc":{"start":{"line":31,"column":71},"end":{"line":39,"column":1}}},"3":{"name":"CardDescription","decl":{"start":{"line":41,"column":9},"end":{"line":41,"column":24}},"loc":{"start":{"line":41,"column":77},"end":{"line":49,"column":1}}},"4":{"name":"CardAction","decl":{"start":{"line":51,"column":9},"end":{"line":51,"column":19}},"loc":{"start":{"line":51,"column":72},"end":{"line":62,"column":1}}},"5":{"name":"CardContent","decl":{"start":{"line":64,"column":9},"end":{"line":64,"column":20}},"loc":{"start":{"line":64,"column":73},"end":{"line":72,"column":1}}},"6":{"name":"CardFooter","decl":{"start":{"line":74,"column":9},"end":{"line":74,"column":19}},"loc":{"start":{"line":74,"column":72},"end":{"line":82,"column":1}}}},"branchMap":{},"s":{"0":1,"1":1,"2":1,"3":1,"4":1,"5":1,"6":1,"7":1,"8":1,"9":3,"10":3,"11":3,"12":3,"13":3,"14":3,"15":3,"16":3,"17":3,"18":0,"19":0,"20":0,"21":0,"22":0,"23":0,"24":3,"25":3,"26":3,"27":3,"28":3,"29":3},"f":{"0":3,"1":3,"2":3,"3":0,"4":0,"5":3,"6":3},"b":{}}
,"/Users/nikitadeepakpoyrekar/Documents/Study/repos/nexus/nexus-fe/src/content/listing.ts": {"path":"/Users/nikitadeepakpoyrekar/Documents/Study/repos/nexus/nexus-fe/src/content/listing.ts","statementMap":{"0":{"start":{"line":1,"column":13},"end":{"line":12,"column":null}}},"fnMap":{},"branchMap":{},"s":{"0":1},"f":{},"b":{}}
,"/Users/nikitadeepakpoyrekar/Documents/Study/repos/nexus/nexus-fe/src/global/utilities/helpers.ts": {"path":"/Users/nikitadeepakpoyrekar/Documents/Study/repos/nexus/nexus-fe/src/global/utilities/helpers.ts","statementMap":{"0":{"start":{"line":3,"column":30},"end":{"line":5,"column":1}},"1":{"start":{"line":4,"column":2},"end":{"line":4,"column":39}},"2":{"start":{"line":3,"column":13},"end":{"line":3,"column":30}},"3":{"start":{"line":7,"column":37},"end":{"line":15,"column":1}},"4":{"start":{"line":8,"column":2},"end":{"line":8,"column":23}},"5":{"start":{"line":8,"column":13},"end":{"line":8,"column":23}},"6":{"start":{"line":9,"column":16},"end":{"line":9,"column":38}},"7":{"start":{"line":11,"column":23},"end":{"line":11,"column":42}},"8":{"start":{"line":12,"column":24},"end":{"line":12,"column":43}},"9":{"start":{"line":14,"column":2},"end":{"line":14,"column":57}},"10":{"start":{"line":7,"column":13},"end":{"line":7,"column":37}},"11":{"start":{"line":22,"column":37},"end":{"line":64,"column":1}},"12":{"start":{"line":23,"column":2},"end":{"line":63,"column":4}},"13":{"start":{"line":42,"column":51},"end":{"line":45,"column":10}},"14":{"start":{"line":22,"column":13},"end":{"line":22,"column":37}},"15":{"start":{"line":66,"column":36},"end":{"line":77,"column":1}},"16":{"start":{"line":67,"column":24},"end":{"line":74,"column":4}},"17":{"start":{"line":75,"column":22},"end":{"line":75,"column":70}},"18":{"start":{"line":76,"column":2},"end":{"line":76,"column":36}},"19":{"start":{"line":66,"column":13},"end":{"line":66,"column":36}}},"fnMap":{"0":{"name":"(anonymous_0)","decl":{"start":{"line":3,"column":30},"end":{"line":3,"column":31}},"loc":{"start":{"line":3,"column":49},"end":{"line":5,"column":1}}},"1":{"name":"(anonymous_1)","decl":{"start":{"line":7,"column":37},"end":{"line":7,"column":38}},"loc":{"start":{"line":7,"column":54},"end":{"line":15,"column":1}}},"2":{"name":"(anonymous_2)","decl":{"start":{"line":22,"column":37},"end":{"line":22,"column":38}},"loc":{"start":{"line":22,"column":81},"end":{"line":64,"column":1}}},"3":{"name":"(anonymous_3)","decl":{"start":{"line":42,"column":43},"end":{"line":42,"column":46}},"loc":{"start":{"line":42,"column":51},"end":{"line":45,"column":10}}},"4":{"name":"(anonymous_4)","decl":{"start":{"line":66,"column":36},"end":{"line":66,"column":39}},"loc":{"start":{"line":66,"column":41},"end":{"line":77,"column":1}}}},"branchMap":{"0":{"loc":{"start":{"line":8,"column":2},"end":{"line":8,"column":23}},"type":"if","locations":[{"start":{"line":8,"column":2},"end":{"line":8,"column":23}}]},"1":{"loc":{"start":{"line":11,"column":23},"end":{"line":11,"column":42}},"type":"binary-expr","locations":[{"start":{"line":11,"column":23},"end":{"line":11,"column":36}},{"start":{"line":11,"column":40},"end":{"line":11,"column":42}}]},"2":{"loc":{"start":{"line":11,"column":23},"end":{"line":11,"column":36}},"type":"cond-expr","locations":[{"start":{"line":11,"column":31},"end":{"line":11,"column":34}},{"start":{"line":11,"column":31},"end":{"line":11,"column":36}}]},"3":{"loc":{"start":{"line":11,"column":23},"end":{"line":11,"column":34}},"type":"binary-expr","locations":[{"start":{"line":11,"column":23},"end":{"line":11,"column":34}},{"start":{"line":11,"column":31},"end":{"line":11,"column":34}}]},"4":{"loc":{"start":{"line":12,"column":24},"end":{"line":12,"column":43}},"type":"binary-expr","locations":[{"start":{"line":12,"column":24},"end":{"line":12,"column":37}},{"start":{"line":12,"column":41},"end":{"line":12,"column":43}}]},"5":{"loc":{"start":{"line":12,"column":24},"end":{"line":12,"column":37}},"type":"cond-expr","locations":[{"start":{"line":12,"column":32},"end":{"line":12,"column":35}},{"start":{"line":12,"column":32},"end":{"line":12,"column":37}}]},"6":{"loc":{"start":{"line":12,"column":24},"end":{"line":12,"column":35}},"type":"binary-expr","locations":[{"start":{"line":12,"column":24},"end":{"line":12,"column":35}},{"start":{"line":12,"column":32},"end":{"line":12,"column":35}}]},"7":{"loc":{"start":{"line":28,"column":20},"end":{"line":28,"column":61}},"type":"binary-expr","locations":[{"start":{"line":28,"column":20},"end":{"line":28,"column":48}},{"start":{"line":28,"column":52},"end":{"line":28,"column":61}}]},"8":{"loc":{"start":{"line":38,"column":15},"end":{"line":38,"column":64}},"type":"binary-expr","locations":[{"start":{"line":38,"column":15},"end":{"line":38,"column":51}},{"start":{"line":38,"column":55},"end":{"line":38,"column":64}}]},"9":{"loc":{"start":{"line":41,"column":12},"end":{"line":46,"column":17}},"type":"cond-expr","locations":[{"start":{"line":42,"column":8},"end":{"line":45,"column":11}},{"start":{"line":46,"column":8},"end":{"line":46,"column":17}}]},"10":{"loc":{"start":{"line":52,"column":15},"end":{"line":52,"column":51}},"type":"binary-expr","locations":[{"start":{"line":52,"column":15},"end":{"line":52,"column":38}},{"start":{"line":52,"column":42},"end":{"line":52,"column":51}}]},"11":{"loc":{"start":{"line":53,"column":15},"end":{"line":53,"column":51}},"type":"binary-expr","locations":[{"start":{"line":53,"column":15},"end":{"line":53,"column":38}},{"start":{"line":53,"column":42},"end":{"line":53,"column":51}}]},"12":{"loc":{"start":{"line":54,"column":15},"end":{"line":54,"column":51}},"type":"binary-expr","locations":[{"start":{"line":54,"column":15},"end":{"line":54,"column":38}},{"start":{"line":54,"column":42},"end":{"line":54,"column":51}}]},"13":{"loc":{"start":{"line":55,"column":16},"end":{"line":55,"column":87}},"type":"cond-expr","locations":[{"start":{"line":55,"column":43},"end":{"line":55,"column":75}},{"start":{"line":55,"column":78},"end":{"line":55,"column":87}}]},"14":{"loc":{"start":{"line":56,"column":13},"end":{"line":56,"column":78}},"type":"cond-expr","locations":[{"start":{"line":56,"column":37},"end":{"line":56,"column":66}},{"start":{"line":56,"column":69},"end":{"line":56,"column":78}}]},"15":{"loc":{"start":{"line":59,"column":15},"end":{"line":59,"column":51}},"type":"binary-expr","locations":[{"start":{"line":59,"column":15},"end":{"line":59,"column":38}},{"start":{"line":59,"column":42},"end":{"line":59,"column":51}}]}},"s":{"0":1,"1":3,"2":1,"3":1,"4":0,"5":0,"6":0,"7":0,"8":0,"9":0,"10":1,"11":1,"12":0,"13":0,"14":1,"15":1,"16":0,"17":0,"18":0,"19":1},"f":{"0":3,"1":0,"2":0,"3":0,"4":0},"b":{"0":[0],"1":[0,0],"2":[0,0],"3":[0,0],"4":[0,0],"5":[0,0],"6":[0,0],"7":[0,0],"8":[0,0],"9":[0,0],"10":[0,0],"11":[0,0],"12":[0,0],"13":[0,0],"14":[0,0],"15":[0,0]}}
,"/Users/nikitadeepakpoyrekar/Documents/Study/repos/nexus/nexus-fe/src/lib/utils.ts": {"path":"/Users/nikitadeepakpoyrekar/Documents/Study/repos/nexus/nexus-fe/src/lib/utils.ts","statementMap":{"0":{"start":{"line":4,"column":0},"end":{"line":4,"column":16}},"1":{"start":{"line":1,"column":0},"end":{"line":1,"column":44}},"2":{"start":{"line":2,"column":0},"end":{"line":2,"column":40}},"3":{"start":{"line":5,"column":2},"end":{"line":5,"column":null}}},"fnMap":{"0":{"name":"cn","decl":{"start":{"line":4,"column":16},"end":{"line":4,"column":18}},"loc":{"start":{"line":4,"column":42},"end":{"line":6,"column":1}}}},"branchMap":{},"s":{"0":2,"1":2,"2":2,"3":23},"f":{"0":23},"b":{}}
}
