{"/Users/nikitadeepakpoyrekar/Documents/Study/repos/nexus/nexus-fe/src/components/custom/atoms/Button/index.tsx": {"path":"/Users/nikitadeepakpoyrekar/Documents/Study/repos/nexus/nexus-fe/src/components/custom/atoms/Button/index.tsx","statementMap":{"0":{"start":{"line":19,"column":15},"end":{"line":46,"column":1}},"1":{"start":{"line":29,"column":6},"end":{"line":29,"column":11}},"2":{"start":{"line":31,"column":24},"end":{"line":31,"column":79}},"3":{"start":{"line":31,"column":30},"end":{"line":31,"column":79}},"4":{"start":{"line":33,"column":2},"end":{"line":45,"column":4}}},"fnMap":{"0":{"name":"(anonymous_0)","decl":{"start":{"line":19,"column":15},"end":{"line":19,"column":16}},"loc":{"start":{"line":19,"column":39},"end":{"line":46,"column":1}},"line":19},"1":{"name":"(anonymous_1)","decl":{"start":{"line":31,"column":24},"end":{"line":31,"column":25}},"loc":{"start":{"line":31,"column":30},"end":{"line":31,"column":79}},"line":31}},"branchMap":{"0":{"loc":{"start":{"line":31,"column":30},"end":{"line":31,"column":79}},"type":"binary-expr","locations":[{"start":{"line":31,"column":30},"end":{"line":31,"column":40}},{"start":{"line":31,"column":45},"end":{"line":31,"column":78}}],"line":31},"1":{"loc":{"start":{"line":31,"column":45},"end":{"line":31,"column":78}},"type":"cond-expr","locations":[{"start":{"line":31,"column":55},"end":{"line":31,"column":73}},{"start":{"line":31,"column":76},"end":{"line":31,"column":78}}],"line":31},"2":{"loc":{"start":{"line":37,"column":11},"end":{"line":37,"column":33}},"type":"binary-expr","locations":[{"start":{"line":37,"column":11},"end":{"line":37,"column":18}},{"start":{"line":37,"column":22},"end":{"line":37,"column":33}}],"line":37},"3":{"loc":{"start":{"line":38,"column":16},"end":{"line":38,"column":33}},"type":"binary-expr","locations":[{"start":{"line":38,"column":16},"end":{"line":38,"column":24}},{"start":{"line":38,"column":28},"end":{"line":38,"column":33}}],"line":38},"4":{"loc":{"start":{"line":39,"column":17},"end":{"line":39,"column":47}},"type":"cond-expr","locations":[{"start":{"line":39,"column":31},"end":{"line":39,"column":42}},{"start":{"line":39,"column":45},"end":{"line":39,"column":47}}],"line":39},"5":{"loc":{"start":{"line":41,"column":11},"end":{"line":41,"column":33}},"type":"binary-expr","locations":[{"start":{"line":41,"column":11},"end":{"line":41,"column":18}},{"start":{"line":41,"column":22},"end":{"line":41,"column":33}}],"line":41}},"s":{"0":1,"1":8,"2":8,"3":8,"4":8},"f":{"0":8,"1":8},"b":{"0":[8,1],"1":[1,0],"2":[8,1],"3":[8,6],"4":[1,7],"5":[8,1]},"_coverageSchema":"1a1c01bbd47fc00a2c39e90264f33305004495a9","hash":"6093d197a59de8d07cd0d12bc8ad82ea1bfee3bf"}
,"/Users/nikitadeepakpoyrekar/Documents/Study/repos/nexus/nexus-fe/src/components/custom/molecules/PropertyDetailsCard/index.tsx": {"path":"/Users/nikitadeepakpoyrekar/Documents/Study/repos/nexus/nexus-fe/src/components/custom/molecules/PropertyDetailsCard/index.tsx","statementMap":{"0":{"start":{"line":23,"column":28},"end":{"line":95,"column":1}},"1":{"start":{"line":24,"column":43},"end":{"line":24,"column":48}},"2":{"start":{"line":28,"column":19},"end":{"line":28,"column":41}},"3":{"start":{"line":29,"column":34},"end":{"line":29,"column":52}},"4":{"start":{"line":31,"column":2},"end":{"line":94,"column":4}},"5":{"start":{"line":44,"column":27},"end":{"line":44,"column":58}}},"fnMap":{"0":{"name":"(anonymous_0)","decl":{"start":{"line":23,"column":28},"end":{"line":23,"column":29}},"loc":{"start":{"line":23,"column":56},"end":{"line":95,"column":1}},"line":23},"1":{"name":"(anonymous_1)","decl":{"start":{"line":44,"column":21},"end":{"line":44,"column":22}},"loc":{"start":{"line":44,"column":27},"end":{"line":44,"column":58}},"line":44}},"branchMap":{"0":{"loc":{"start":{"line":64,"column":11},"end":{"line":74,"column":11}},"type":"binary-expr","locations":[{"start":{"line":64,"column":11},"end":{"line":64,"column":29}},{"start":{"line":65,"column":12},"end":{"line":73,"column":18}}],"line":64},"1":{"loc":{"start":{"line":71,"column":16},"end":{"line":71,"column":56}},"type":"cond-expr","locations":[{"start":{"line":71,"column":42},"end":{"line":71,"column":47}},{"start":{"line":71,"column":50},"end":{"line":71,"column":56}}],"line":71},"2":{"loc":{"start":{"line":75,"column":11},"end":{"line":82,"column":11}},"type":"binary-expr","locations":[{"start":{"line":75,"column":11},"end":{"line":75,"column":26}},{"start":{"line":76,"column":12},"end":{"line":81,"column":18}}],"line":75},"3":{"loc":{"start":{"line":79,"column":16},"end":{"line":79,"column":55}},"type":"cond-expr","locations":[{"start":{"line":79,"column":39},"end":{"line":79,"column":45}},{"start":{"line":79,"column":48},"end":{"line":79,"column":55}}],"line":79}},"s":{"0":1,"1":3,"2":3,"3":3,"4":3,"5":0},"f":{"0":3,"1":0},"b":{"0":[3,3],"1":[0,3],"2":[3,3],"3":[3,0]},"_coverageSchema":"1a1c01bbd47fc00a2c39e90264f33305004495a9","hash":"9b707d5b43ba233db668742c6adac377ca61ce86"}
,"/Users/nikitadeepakpoyrekar/Documents/Study/repos/nexus/nexus-fe/src/components/custom/organisms/HeroSection/index.tsx": {"path":"/Users/nikitadeepakpoyrekar/Documents/Study/repos/nexus/nexus-fe/src/components/custom/organisms/HeroSection/index.tsx","statementMap":{"0":{"start":{"line":8,"column":20},"end":{"line":62,"column":1}},"1":{"start":{"line":9,"column":24},"end":{"line":9,"column":51}},"2":{"start":{"line":10,"column":24},"end":{"line":10,"column":51}},"3":{"start":{"line":12,"column":2},"end":{"line":61,"column":4}}},"fnMap":{"0":{"name":"(anonymous_0)","decl":{"start":{"line":8,"column":20},"end":{"line":8,"column":21}},"loc":{"start":{"line":8,"column":26},"end":{"line":62,"column":1}},"line":8}},"branchMap":{},"s":{"0":1,"1":1,"2":1,"3":1},"f":{"0":1},"b":{},"_coverageSchema":"1a1c01bbd47fc00a2c39e90264f33305004495a9","hash":"24f7b3892f940fa8e7fd243ce5b8405c73a843b4"}
,"/Users/nikitadeepakpoyrekar/Documents/Study/repos/nexus/nexus-fe/src/components/ui/button.tsx": {"path":"/Users/nikitadeepakpoyrekar/Documents/Study/repos/nexus/nexus-fe/src/components/ui/button.tsx","statementMap":{"0":{"start":{"line":7,"column":23},"end":{"line":36,"column":1}},"1":{"start":{"line":48,"column":15},"end":{"line":48,"column":40}},"2":{"start":{"line":50,"column":2},"end":{"line":56,"column":3}}},"fnMap":{"0":{"name":"Button","decl":{"start":{"line":38,"column":9},"end":{"line":38,"column":15}},"loc":{"start":{"line":47,"column":5},"end":{"line":57,"column":1}},"line":47}},"branchMap":{"0":{"loc":{"start":{"line":42,"column":2},"end":{"line":42,"column":17}},"type":"default-arg","locations":[{"start":{"line":42,"column":12},"end":{"line":42,"column":17}}],"line":42},"1":{"loc":{"start":{"line":48,"column":15},"end":{"line":48,"column":40}},"type":"cond-expr","locations":[{"start":{"line":48,"column":25},"end":{"line":48,"column":29}},{"start":{"line":48,"column":32},"end":{"line":48,"column":40}}],"line":48}},"s":{"0":1,"1":8,"2":8},"f":{"0":8},"b":{"0":[8],"1":[0,8]},"_coverageSchema":"1a1c01bbd47fc00a2c39e90264f33305004495a9","hash":"d138bbd20769fa946f61f405b834da890c8856b2"}
,"/Users/nikitadeepakpoyrekar/Documents/Study/repos/nexus/nexus-fe/src/components/ui/card.tsx": {"path":"/Users/nikitadeepakpoyrekar/Documents/Study/repos/nexus/nexus-fe/src/components/ui/card.tsx","statementMap":{"0":{"start":{"line":6,"column":2},"end":{"line":15,"column":3}},"1":{"start":{"line":19,"column":2},"end":{"line":28,"column":3}},"2":{"start":{"line":32,"column":2},"end":{"line":38,"column":3}},"3":{"start":{"line":42,"column":2},"end":{"line":48,"column":3}},"4":{"start":{"line":52,"column":2},"end":{"line":61,"column":3}},"5":{"start":{"line":65,"column":2},"end":{"line":71,"column":3}},"6":{"start":{"line":75,"column":2},"end":{"line":81,"column":3}}},"fnMap":{"0":{"name":"Card","decl":{"start":{"line":5,"column":9},"end":{"line":5,"column":13}},"loc":{"start":{"line":5,"column":68},"end":{"line":16,"column":1}},"line":5},"1":{"name":"CardHeader","decl":{"start":{"line":18,"column":9},"end":{"line":18,"column":19}},"loc":{"start":{"line":18,"column":74},"end":{"line":29,"column":1}},"line":18},"2":{"name":"CardTitle","decl":{"start":{"line":31,"column":9},"end":{"line":31,"column":18}},"loc":{"start":{"line":31,"column":73},"end":{"line":39,"column":1}},"line":31},"3":{"name":"CardDescription","decl":{"start":{"line":41,"column":9},"end":{"line":41,"column":24}},"loc":{"start":{"line":41,"column":79},"end":{"line":49,"column":1}},"line":41},"4":{"name":"CardAction","decl":{"start":{"line":51,"column":9},"end":{"line":51,"column":19}},"loc":{"start":{"line":51,"column":74},"end":{"line":62,"column":1}},"line":51},"5":{"name":"CardContent","decl":{"start":{"line":64,"column":9},"end":{"line":64,"column":20}},"loc":{"start":{"line":64,"column":75},"end":{"line":72,"column":1}},"line":64},"6":{"name":"CardFooter","decl":{"start":{"line":74,"column":9},"end":{"line":74,"column":19}},"loc":{"start":{"line":74,"column":74},"end":{"line":82,"column":1}},"line":74}},"branchMap":{},"s":{"0":3,"1":3,"2":3,"3":0,"4":0,"5":3,"6":3},"f":{"0":3,"1":3,"2":3,"3":0,"4":0,"5":3,"6":3},"b":{},"_coverageSchema":"1a1c01bbd47fc00a2c39e90264f33305004495a9","hash":"de2dcdb1c35a78c9f847023ef1636bb9d1ee9559"}
,"/Users/nikitadeepakpoyrekar/Documents/Study/repos/nexus/nexus-fe/src/content/listing.ts": {"path":"/Users/nikitadeepakpoyrekar/Documents/Study/repos/nexus/nexus-fe/src/content/listing.ts","statementMap":{"0":{"start":{"line":1,"column":28},"end":{"line":12,"column":1}}},"fnMap":{},"branchMap":{},"s":{"0":1},"f":{},"b":{},"_coverageSchema":"1a1c01bbd47fc00a2c39e90264f33305004495a9","hash":"f39c1916083c0ff9f0e29e6676b93bdea7037e6c"}
,"/Users/nikitadeepakpoyrekar/Documents/Study/repos/nexus/nexus-fe/src/global/utilities/helpers.ts": {"path":"/Users/nikitadeepakpoyrekar/Documents/Study/repos/nexus/nexus-fe/src/global/utilities/helpers.ts","statementMap":{"0":{"start":{"line":3,"column":30},"end":{"line":5,"column":1}},"1":{"start":{"line":4,"column":2},"end":{"line":4,"column":39}},"2":{"start":{"line":7,"column":37},"end":{"line":15,"column":1}},"3":{"start":{"line":8,"column":2},"end":{"line":8,"column":23}},"4":{"start":{"line":8,"column":13},"end":{"line":8,"column":23}},"5":{"start":{"line":9,"column":16},"end":{"line":9,"column":38}},"6":{"start":{"line":11,"column":23},"end":{"line":11,"column":42}},"7":{"start":{"line":12,"column":24},"end":{"line":12,"column":43}},"8":{"start":{"line":14,"column":2},"end":{"line":14,"column":57}},"9":{"start":{"line":22,"column":37},"end":{"line":64,"column":1}},"10":{"start":{"line":23,"column":2},"end":{"line":63,"column":4}},"11":{"start":{"line":42,"column":51},"end":{"line":45,"column":9}},"12":{"start":{"line":66,"column":36},"end":{"line":77,"column":1}},"13":{"start":{"line":67,"column":24},"end":{"line":74,"column":3}},"14":{"start":{"line":75,"column":22},"end":{"line":75,"column":70}},"15":{"start":{"line":76,"column":2},"end":{"line":76,"column":36}}},"fnMap":{"0":{"name":"(anonymous_0)","decl":{"start":{"line":3,"column":30},"end":{"line":3,"column":31}},"loc":{"start":{"line":3,"column":50},"end":{"line":5,"column":1}},"line":3},"1":{"name":"(anonymous_1)","decl":{"start":{"line":7,"column":37},"end":{"line":7,"column":38}},"loc":{"start":{"line":7,"column":55},"end":{"line":15,"column":1}},"line":7},"2":{"name":"(anonymous_2)","decl":{"start":{"line":22,"column":37},"end":{"line":22,"column":38}},"loc":{"start":{"line":22,"column":82},"end":{"line":64,"column":1}},"line":22},"3":{"name":"(anonymous_3)","decl":{"start":{"line":42,"column":43},"end":{"line":42,"column":44}},"loc":{"start":{"line":42,"column":51},"end":{"line":45,"column":9}},"line":42},"4":{"name":"(anonymous_4)","decl":{"start":{"line":66,"column":36},"end":{"line":66,"column":37}},"loc":{"start":{"line":66,"column":42},"end":{"line":77,"column":1}},"line":66}},"branchMap":{"0":{"loc":{"start":{"line":8,"column":2},"end":{"line":8,"column":23}},"type":"if","locations":[{"start":{"line":8,"column":2},"end":{"line":8,"column":23}},{"start":{},"end":{}}],"line":8},"1":{"loc":{"start":{"line":11,"column":23},"end":{"line":11,"column":42}},"type":"binary-expr","locations":[{"start":{"line":11,"column":23},"end":{"line":11,"column":36}},{"start":{"line":11,"column":40},"end":{"line":11,"column":42}}],"line":11},"2":{"loc":{"start":{"line":12,"column":24},"end":{"line":12,"column":43}},"type":"binary-expr","locations":[{"start":{"line":12,"column":24},"end":{"line":12,"column":37}},{"start":{"line":12,"column":41},"end":{"line":12,"column":43}}],"line":12},"3":{"loc":{"start":{"line":28,"column":20},"end":{"line":28,"column":61}},"type":"binary-expr","locations":[{"start":{"line":28,"column":20},"end":{"line":28,"column":48}},{"start":{"line":28,"column":52},"end":{"line":28,"column":61}}],"line":28},"4":{"loc":{"start":{"line":38,"column":15},"end":{"line":38,"column":64}},"type":"binary-expr","locations":[{"start":{"line":38,"column":15},"end":{"line":38,"column":51}},{"start":{"line":38,"column":55},"end":{"line":38,"column":64}}],"line":38},"5":{"loc":{"start":{"line":41,"column":12},"end":{"line":46,"column":17}},"type":"cond-expr","locations":[{"start":{"line":42,"column":8},"end":{"line":45,"column":11}},{"start":{"line":46,"column":8},"end":{"line":46,"column":17}}],"line":41},"6":{"loc":{"start":{"line":52,"column":15},"end":{"line":52,"column":51}},"type":"binary-expr","locations":[{"start":{"line":52,"column":15},"end":{"line":52,"column":38}},{"start":{"line":52,"column":42},"end":{"line":52,"column":51}}],"line":52},"7":{"loc":{"start":{"line":53,"column":15},"end":{"line":53,"column":51}},"type":"binary-expr","locations":[{"start":{"line":53,"column":15},"end":{"line":53,"column":38}},{"start":{"line":53,"column":42},"end":{"line":53,"column":51}}],"line":53},"8":{"loc":{"start":{"line":54,"column":15},"end":{"line":54,"column":51}},"type":"binary-expr","locations":[{"start":{"line":54,"column":15},"end":{"line":54,"column":38}},{"start":{"line":54,"column":42},"end":{"line":54,"column":51}}],"line":54},"9":{"loc":{"start":{"line":55,"column":16},"end":{"line":55,"column":87}},"type":"cond-expr","locations":[{"start":{"line":55,"column":43},"end":{"line":55,"column":75}},{"start":{"line":55,"column":78},"end":{"line":55,"column":87}}],"line":55},"10":{"loc":{"start":{"line":56,"column":13},"end":{"line":56,"column":78}},"type":"cond-expr","locations":[{"start":{"line":56,"column":37},"end":{"line":56,"column":66}},{"start":{"line":56,"column":69},"end":{"line":56,"column":78}}],"line":56},"11":{"loc":{"start":{"line":59,"column":15},"end":{"line":59,"column":51}},"type":"binary-expr","locations":[{"start":{"line":59,"column":15},"end":{"line":59,"column":38}},{"start":{"line":59,"column":42},"end":{"line":59,"column":51}}],"line":59}},"s":{"0":1,"1":3,"2":1,"3":0,"4":0,"5":0,"6":0,"7":0,"8":0,"9":1,"10":0,"11":0,"12":1,"13":0,"14":0,"15":0},"f":{"0":3,"1":0,"2":0,"3":0,"4":0},"b":{"0":[0,0],"1":[0,0],"2":[0,0],"3":[0,0],"4":[0,0],"5":[0,0],"6":[0,0],"7":[0,0],"8":[0,0],"9":[0,0],"10":[0,0],"11":[0,0]},"_coverageSchema":"1a1c01bbd47fc00a2c39e90264f33305004495a9","hash":"48f6830fce4c7c82d91e4ca8d07c6b995371a49f"}
,"/Users/nikitadeepakpoyrekar/Documents/Study/repos/nexus/nexus-fe/src/lib/utils.ts": {"path":"/Users/nikitadeepakpoyrekar/Documents/Study/repos/nexus/nexus-fe/src/lib/utils.ts","statementMap":{"0":{"start":{"line":5,"column":2},"end":{"line":5,"column":30}}},"fnMap":{"0":{"name":"cn","decl":{"start":{"line":4,"column":16},"end":{"line":4,"column":18}},"loc":{"start":{"line":4,"column":44},"end":{"line":6,"column":1}},"line":4}},"branchMap":{},"s":{"0":23},"f":{"0":23},"b":{},"_coverageSchema":"1a1c01bbd47fc00a2c39e90264f33305004495a9","hash":"f22b054f2cda62068428d6b066828d17545036e0"}
}
