TN:
SF:src/components/custom/atoms/Button/index.tsx
FN:19,(anonymous_0)
FN:31,(anonymous_1)
FNF:2
FNH:2
FNDA:8,(anonymous_0)
FNDA:8,(anonymous_1)
DA:3,1
DA:19,1
DA:29,8
DA:31,8
DA:33,8
DA:48,1
LF:6
LH:6
BRDA:31,0,0,8
BRDA:31,0,1,1
BRDA:31,1,0,1
BRDA:31,1,1,0
BRDA:37,2,0,8
BRDA:37,2,1,1
BRDA:38,3,0,2
BRDA:38,3,1,6
BRDA:38,4,0,8
BRDA:38,4,1,8
BRDA:39,5,0,1
BRDA:39,5,1,7
BRDA:41,6,0,8
BRDA:41,6,1,1
BRF:14
BRH:13
end_of_record
TN:
SF:src/components/custom/molecules/PropertyDetailsCard/index.tsx
FN:23,(anonymous_1)
FN:44,(anonymous_2)
FNF:2
FNH:1
FNDA:3,(anonymous_1)
FNDA:0,(anonymous_2)
DA:3,1
DA:4,1
DA:5,1
DA:7,1
DA:8,1
DA:16,1
DA:21,1
DA:23,1
DA:24,3
DA:28,3
DA:29,3
DA:31,3
DA:44,0
DA:97,1
LF:14
LH:13
BRDA:64,0,0,3
BRDA:64,0,1,3
BRDA:64,1,0,0
BRDA:64,1,1,3
BRDA:64,2,0,3
BRDA:64,2,1,3
BRDA:71,3,0,0
BRDA:71,3,1,3
BRDA:75,4,0,3
BRDA:75,4,1,3
BRDA:75,5,0,0
BRDA:75,5,1,3
BRDA:75,6,0,3
BRDA:75,6,1,3
BRDA:79,7,0,3
BRDA:79,7,1,0
BRF:16
BRH:12
end_of_record
TN:
SF:src/components/custom/organisms/HeroSection/index.tsx
FN:8,(anonymous_1)
FNF:1
FNH:1
FNDA:4,(anonymous_1)
DA:1,1
DA:3,1
DA:4,1
DA:5,1
DA:6,1
DA:8,1
DA:9,4
DA:10,4
DA:12,4
DA:64,1
LF:10
LH:10
BRF:0
BRH:0
end_of_record
TN:
SF:src/components/ui/button.tsx
FN:38,Button
FNF:1
FNH:1
FNDA:8,Button
DA:1,1
DA:2,1
DA:3,1
DA:5,1
DA:7,1
DA:42,8
DA:43,8
DA:48,8
DA:50,8
DA:59,1
LF:10
LH:10
BRDA:42,0,0,8
BRDA:48,1,0,0
BRDA:48,1,1,8
BRF:3
BRH:2
end_of_record
TN:
SF:src/components/ui/card.tsx
FN:5,Card
FN:18,CardHeader
FN:31,CardTitle
FN:41,CardDescription
FN:51,CardAction
FN:64,CardContent
FN:74,CardFooter
FNF:7
FNH:5
FNDA:3,Card
FNDA:3,CardHeader
FNDA:3,CardTitle
FNDA:0,CardDescription
FNDA:0,CardAction
FNDA:3,CardContent
FNDA:3,CardFooter
DA:1,1
DA:3,1
DA:5,3
DA:6,3
DA:18,3
DA:19,3
DA:31,3
DA:32,3
DA:41,0
DA:42,0
DA:51,0
DA:52,0
DA:64,3
DA:65,3
DA:74,3
DA:75,3
DA:85,1
DA:86,1
DA:87,1
DA:88,1
DA:89,1
DA:90,1
DA:91,1
LF:23
LH:19
BRF:0
BRH:0
end_of_record
TN:
SF:src/content/listing.ts
FNF:0
FNH:0
DA:1,1
LF:1
LH:1
BRF:0
BRH:0
end_of_record
TN:
SF:src/global/utilities/helpers.ts
FN:3,(anonymous_0)
FN:7,(anonymous_1)
FN:22,(anonymous_2)
FN:42,(anonymous_3)
FN:66,(anonymous_4)
FNF:5
FNH:1
FNDA:3,(anonymous_0)
FNDA:0,(anonymous_1)
FNDA:0,(anonymous_2)
FNDA:0,(anonymous_3)
FNDA:0,(anonymous_4)
DA:3,1
DA:4,3
DA:7,1
DA:8,0
DA:9,0
DA:11,0
DA:12,0
DA:14,0
DA:22,1
DA:23,0
DA:42,0
DA:66,1
DA:67,0
DA:75,0
DA:76,0
LF:15
LH:5
BRDA:8,0,0,0
BRDA:11,1,0,0
BRDA:11,1,1,0
BRDA:11,2,0,0
BRDA:11,2,1,0
BRDA:11,3,0,0
BRDA:11,3,1,0
BRDA:12,4,0,0
BRDA:12,4,1,0
BRDA:12,5,0,0
BRDA:12,5,1,0
BRDA:12,6,0,0
BRDA:12,6,1,0
BRDA:28,7,0,0
BRDA:28,7,1,0
BRDA:38,8,0,0
BRDA:38,8,1,0
BRDA:41,9,0,0
BRDA:41,9,1,0
BRDA:52,10,0,0
BRDA:52,10,1,0
BRDA:53,11,0,0
BRDA:53,11,1,0
BRDA:54,12,0,0
BRDA:54,12,1,0
BRDA:55,13,0,0
BRDA:55,13,1,0
BRDA:56,14,0,0
BRDA:56,14,1,0
BRDA:59,15,0,0
BRDA:59,15,1,0
BRF:31
BRH:0
end_of_record
TN:
SF:src/lib/utils.ts
FN:4,cn
FNF:1
FNH:1
FNDA:23,cn
DA:1,2
DA:2,2
DA:4,2
DA:5,23
LF:4
LH:4
BRF:0
BRH:0
end_of_record
