TN:
SF:src/components/custom/atoms/Button/index.tsx
FN:19,(anonymous_0)
FN:31,(anonymous_1)
FNF:2
FNH:2
FNDA:8,(anonymous_0)
FNDA:8,(anonymous_1)
DA:19,1
DA:29,8
DA:31,8
DA:33,8
LF:4
LH:4
BRDA:31,0,0,8
BRDA:31,0,1,1
BRDA:31,1,0,1
BRDA:31,1,1,0
BRDA:37,2,0,8
BRDA:37,2,1,1
BRDA:38,3,0,8
BRDA:38,3,1,6
BRDA:39,4,0,1
BRDA:39,4,1,7
BRDA:41,5,0,8
BRDA:41,5,1,1
BRF:12
BRH:11
end_of_record
TN:
SF:src/components/custom/molecules/PropertyDetailsCard/index.tsx
FN:23,(anonymous_0)
FN:44,(anonymous_1)
FNF:2
FNH:1
FNDA:3,(anonymous_0)
FNDA:0,(anonymous_1)
DA:23,1
DA:24,3
DA:28,3
DA:29,3
DA:31,3
DA:44,0
LF:6
LH:5
BRDA:64,0,0,3
BRDA:64,0,1,3
BRDA:71,1,0,0
BRDA:71,1,1,3
BRDA:75,2,0,3
BRDA:75,2,1,3
BRDA:79,3,0,3
BRDA:79,3,1,0
BRF:8
BRH:6
end_of_record
TN:
SF:src/components/custom/organisms/HeroSection/index.tsx
FN:8,(anonymous_0)
FNF:1
FNH:1
FNDA:1,(anonymous_0)
DA:8,1
DA:9,1
DA:10,1
DA:12,1
LF:4
LH:4
BRF:0
BRH:0
end_of_record
TN:
SF:src/components/ui/button.tsx
FN:38,Button
FNF:1
FNH:1
FNDA:8,Button
DA:7,1
DA:48,8
DA:50,8
LF:3
LH:3
BRDA:42,0,0,8
BRDA:48,1,0,0
BRDA:48,1,1,8
BRF:3
BRH:2
end_of_record
TN:
SF:src/components/ui/card.tsx
FN:5,Card
FN:18,CardHeader
FN:31,CardTitle
FN:41,CardDescription
FN:51,CardAction
FN:64,CardContent
FN:74,CardFooter
FNF:7
FNH:5
FNDA:3,Card
FNDA:3,CardHeader
FNDA:3,CardTitle
FNDA:0,CardDescription
FNDA:0,CardAction
FNDA:3,CardContent
FNDA:3,CardFooter
DA:6,3
DA:19,3
DA:32,3
DA:42,0
DA:52,0
DA:65,3
DA:75,3
LF:7
LH:5
BRF:0
BRH:0
end_of_record
TN:
SF:src/content/listing.ts
FNF:0
FNH:0
DA:1,1
LF:1
LH:1
BRF:0
BRH:0
end_of_record
TN:
SF:src/global/utilities/helpers.ts
FN:3,(anonymous_0)
FN:7,(anonymous_1)
FN:22,(anonymous_2)
FN:42,(anonymous_3)
FN:66,(anonymous_4)
FNF:5
FNH:1
FNDA:3,(anonymous_0)
FNDA:0,(anonymous_1)
FNDA:0,(anonymous_2)
FNDA:0,(anonymous_3)
FNDA:0,(anonymous_4)
DA:3,1
DA:4,3
DA:7,1
DA:8,0
DA:9,0
DA:11,0
DA:12,0
DA:14,0
DA:22,1
DA:23,0
DA:42,0
DA:66,1
DA:67,0
DA:75,0
DA:76,0
LF:15
LH:5
BRDA:8,0,0,0
BRDA:8,0,1,0
BRDA:11,1,0,0
BRDA:11,1,1,0
BRDA:12,2,0,0
BRDA:12,2,1,0
BRDA:28,3,0,0
BRDA:28,3,1,0
BRDA:38,4,0,0
BRDA:38,4,1,0
BRDA:41,5,0,0
BRDA:41,5,1,0
BRDA:52,6,0,0
BRDA:52,6,1,0
BRDA:53,7,0,0
BRDA:53,7,1,0
BRDA:54,8,0,0
BRDA:54,8,1,0
BRDA:55,9,0,0
BRDA:55,9,1,0
BRDA:56,10,0,0
BRDA:56,10,1,0
BRDA:59,11,0,0
BRDA:59,11,1,0
BRF:24
BRH:0
end_of_record
TN:
SF:src/lib/utils.ts
FN:4,cn
FNF:1
FNH:1
FNDA:23,cn
DA:5,23
LF:1
LH:1
BRF:0
BRH:0
end_of_record
